2024-05-23 14:52:20.705 [info] ログ レベル: Info
2024-05-23 14:52:20.705 [info] Git の検証が検出されました: "git"
2024-05-23 14:52:20.705 [info] "git" から Git "2.34.1" を使用しています
2024-05-23 14:52:20.705 [info] > git rev-parse --show-toplevel [9ms]
2024-05-23 14:52:20.705 [info] > git rev-parse --git-dir --git-common-dir [1ms]
2024-05-23 14:52:20.705 [info] Open repository: /home/tenda
2024-05-23 14:52:20.705 [info] > git config --get commit.template [7ms]
2024-05-23 14:52:20.705 [info] > git rev-parse --show-toplevel [3ms]
2024-05-23 14:52:20.705 [info] > git for-each-ref --format=%(refname)%00%(upstream:short)%00%(objectname)%00%(upstream:track)%00%(upstream:remotename)%00%(upstream:remoteref) refs/heads/main refs/remotes/main [9ms]
2024-05-23 14:52:20.705 [info] > git rev-parse --show-toplevel [3ms]
2024-05-23 14:52:20.705 [info] > git rev-parse --show-toplevel [4ms]
2024-05-23 14:52:20.705 [info] > git rev-parse --show-toplevel [2ms]
2024-05-23 14:52:20.705 [info] > git rev-parse --show-toplevel [2ms]
2024-05-23 14:52:20.708 [info] > git rev-parse --show-toplevel [3ms]
2024-05-23 14:52:20.722 [info] > git status -z -uall [46ms]
2024-05-23 14:52:20.819 [info] > git merge-base refs/heads/main refs/remotes/origin/main [69ms]
2024-05-23 14:52:20.824 [info] > git rev-parse --show-toplevel [105ms]
2024-05-23 14:52:20.837 [info] > git rev-list --count --left-right refs/heads/main...refs/remotes/origin/main [13ms]
2024-05-23 14:52:20.843 [info] > git config --get commit.template [33ms]
2024-05-23 14:52:21.413 [info] > git diff --name-status -z --diff-filter=ADMR 4186b128de7d69b035e2fba89564101a6b49e7ce...refs/remotes/origin/main [571ms]
2024-05-23 14:52:21.415 [info] > git rev-parse --show-toplevel [584ms]
2024-05-23 14:52:21.456 [info] > git check-ignore -v -z --stdin [33ms]
2024-05-23 14:52:21.459 [info] > git rev-parse --show-toplevel [9ms]
2024-05-23 14:52:21.465 [info] > git for-each-ref --format=%(refname)%00%(upstream:short)%00%(objectname)%00%(upstream:track)%00%(upstream:remotename)%00%(upstream:remoteref) refs/heads/main refs/remotes/main [23ms]
2024-05-23 14:52:21.504 [info] > git status -z -uall [28ms]
2024-05-23 14:52:22.091 [info] > git show --textconv :test-project/resources/views/dashboard.blade.php [55ms]
2024-05-23 14:52:22.092 [info] > git ls-files --stage -- /home/tenda/test-project/resources/views/dashboard.blade.php [52ms]
2024-05-23 14:52:23.516 [info] > git config --get commit.template [3ms]
2024-05-23 14:52:23.563 [info] > git show --textconv :test-project/resources/views/auth/register.blade.php [38ms]
2024-05-23 14:52:23.563 [info] > git ls-files --stage -- /home/tenda/test-project/resources/views/auth/register.blade.php [33ms]
2024-05-23 14:52:23.564 [info] > git for-each-ref --format=%(refname)%00%(upstream:short)%00%(objectname)%00%(upstream:track)%00%(upstream:remotename)%00%(upstream:remoteref) refs/heads/main refs/remotes/main [44ms]
2024-05-23 14:52:23.595 [info] > git status -z -uall [25ms]
2024-05-23 14:52:23.915 [info] > git check-ignore -v -z --stdin [1ms]
2024-05-23 14:52:25.415 [info] > git show --textconv :test-project/resources/views/dashboard.blade.php [4ms]
2024-05-23 14:52:25.416 [info] > git ls-files --stage -- /home/tenda/test-project/resources/views/dashboard.blade.php [2ms]
2024-05-23 14:52:26.914 [info] > git show --textconv :test-project/resources/views/auth/confirm-password.blade.php [4ms]
2024-05-23 14:52:26.915 [info] > git ls-files --stage -- /home/tenda/test-project/resources/views/auth/confirm-password.blade.php [1ms]
2024-05-23 14:52:28.629 [info] > git config --get commit.template [0ms]
2024-05-23 14:52:28.634 [info] > git for-each-ref --format=%(refname)%00%(upstream:short)%00%(objectname)%00%(upstream:track)%00%(upstream:remotename)%00%(upstream:remoteref) refs/heads/main refs/remotes/main [0ms]
2024-05-23 14:52:28.653 [info] > git status -z -uall [15ms]
2024-05-23 14:52:32.801 [info] > git merge-base refs/heads/main refs/remotes/origin/main [4ms]
2024-05-23 14:52:32.808 [info] > git rev-list --count --left-right refs/heads/main...refs/remotes/origin/main [2ms]
2024-05-23 14:52:33.534 [info] > git check-ignore -v -z --stdin [1ms]
2024-05-23 14:52:33.694 [info] > git config --get commit.template [1ms]
2024-05-23 14:52:33.699 [info] > git for-each-ref --format=%(refname)%00%(upstream:short)%00%(objectname)%00%(upstream:track)%00%(upstream:remotename)%00%(upstream:remoteref) refs/heads/main refs/remotes/main [1ms]
2024-05-23 14:52:33.722 [info] > git status -z -uall [16ms]
2024-05-23 14:52:38.766 [info] > git config --get commit.template [6ms]
2024-05-23 14:52:38.766 [info] > git for-each-ref --format=%(refname)%00%(upstream:short)%00%(objectname)%00%(upstream:track)%00%(upstream:remotename)%00%(upstream:remoteref) refs/heads/main refs/remotes/main [1ms]
2024-05-23 14:52:38.784 [info] > git status -z -uall [12ms]
2024-05-23 14:52:43.814 [info] > git config --get commit.template [1ms]
2024-05-23 14:52:43.819 [info] > git for-each-ref --format=%(refname)%00%(upstream:short)%00%(objectname)%00%(upstream:track)%00%(upstream:remotename)%00%(upstream:remoteref) refs/heads/main refs/remotes/main [1ms]
2024-05-23 14:52:43.840 [info] > git status -z -uall [15ms]
2024-05-23 14:53:34.052 [info] > git config --get commit.template [1ms]
2024-05-23 14:53:34.057 [info] > git for-each-ref --format=%(refname)%00%(upstream:short)%00%(objectname)%00%(upstream:track)%00%(upstream:remotename)%00%(upstream:remoteref) refs/heads/main refs/remotes/main [1ms]
2024-05-23 14:53:34.079 [info] > git status -z -uall [17ms]
2024-05-23 14:53:39.114 [info] > git config --get commit.template [1ms]
2024-05-23 14:53:39.120 [info] > git for-each-ref --format=%(refname)%00%(upstream:short)%00%(objectname)%00%(upstream:track)%00%(upstream:remotename)%00%(upstream:remoteref) refs/heads/main refs/remotes/main [1ms]
2024-05-23 14:53:39.141 [info] > git status -z -uall [15ms]
2024-05-23 14:53:44.183 [info] > git config --get commit.template [7ms]
2024-05-23 14:53:44.184 [info] > git for-each-ref --format=%(refname)%00%(upstream:short)%00%(objectname)%00%(upstream:track)%00%(upstream:remotename)%00%(upstream:remoteref) refs/heads/main refs/remotes/main [2ms]
2024-05-23 14:53:44.205 [info] > git status -z -uall [14ms]
2024-05-23 14:53:49.242 [info] > git config --get commit.template [1ms]
2024-05-23 14:53:49.248 [info] > git for-each-ref --format=%(refname)%00%(upstream:short)%00%(objectname)%00%(upstream:track)%00%(upstream:remotename)%00%(upstream:remoteref) refs/heads/main refs/remotes/main [1ms]
2024-05-23 14:53:49.268 [info] > git status -z -uall [14ms]
2024-05-23 14:53:49.613 [info] > git log --oneline --cherry main...main@{upstream} -- [2ms]
2024-05-23 14:53:50.166 [info] > git pull --tags origin main [545ms]
2024-05-23 14:53:50.166 [info] From https://github.com/yu-sakukami/mainrepo
 * branch            main       -> FETCH_HEAD
2024-05-23 14:53:50.173 [info] > git config --get commit.template [1ms]
2024-05-23 14:53:50.181 [info] > git for-each-ref --format=%(refname)%00%(upstream:short)%00%(objectname)%00%(upstream:track)%00%(upstream:remotename)%00%(upstream:remoteref) refs/heads/main refs/remotes/main [1ms]
2024-05-23 14:53:50.200 [info] > git status -z -uall [14ms]
2024-05-23 14:53:54.300 [info] > git config --get commit.template [1ms]
2024-05-23 14:53:54.306 [info] > git for-each-ref --format=%(refname)%00%(upstream:short)%00%(objectname)%00%(upstream:track)%00%(upstream:remotename)%00%(upstream:remoteref) refs/heads/main refs/remotes/main [1ms]
2024-05-23 14:53:54.326 [info] > git status -z -uall [14ms]
2024-05-23 14:53:55.815 [info] > git log --oneline --cherry main...main@{upstream} -- [1ms]
2024-05-23 14:53:56.452 [info] > git pull --tags origin main [632ms]
2024-05-23 14:53:56.452 [info] From https://github.com/yu-sakukami/mainrepo
 * branch            main       -> FETCH_HEAD
2024-05-23 14:53:56.459 [info] > git config --get commit.template [1ms]
2024-05-23 14:53:56.464 [info] > git for-each-ref --format=%(refname)%00%(upstream:short)%00%(objectname)%00%(upstream:track)%00%(upstream:remotename)%00%(upstream:remoteref) refs/heads/main refs/remotes/main [1ms]
2024-05-23 14:53:56.482 [info] > git status -z -uall [13ms]
2024-05-23 14:53:59.372 [info] > git config --get commit.template [7ms]
2024-05-23 14:53:59.373 [info] > git for-each-ref --format=%(refname)%00%(upstream:short)%00%(objectname)%00%(upstream:track)%00%(upstream:remotename)%00%(upstream:remoteref) refs/heads/main refs/remotes/main [2ms]
2024-05-23 14:53:59.391 [info] > git status -z -uall [13ms]
2024-05-23 14:54:04.419 [info] > git config --get commit.template [0ms]
2024-05-23 14:54:04.426 [info] > git for-each-ref --format=%(refname)%00%(upstream:short)%00%(objectname)%00%(upstream:track)%00%(upstream:remotename)%00%(upstream:remoteref) refs/heads/main refs/remotes/main [2ms]
2024-05-23 14:54:04.446 [info] > git status -z -uall [13ms]
2024-05-23 14:54:07.695 [info] > git push origin main:main [763ms]
2024-05-23 14:54:07.695 [info] Everything up-to-date
2024-05-23 14:54:07.701 [info] > git config --get commit.template [1ms]
2024-05-23 14:54:07.707 [info] > git for-each-ref --format=%(refname)%00%(upstream:short)%00%(objectname)%00%(upstream:track)%00%(upstream:remotename)%00%(upstream:remoteref) refs/heads/main refs/remotes/main [0ms]
2024-05-23 14:54:07.724 [info] > git status -z -uall [13ms]
2024-05-23 14:54:09.483 [info] > git config --get commit.template [6ms]
2024-05-23 14:54:09.484 [info] > git for-each-ref --format=%(refname)%00%(upstream:short)%00%(objectname)%00%(upstream:track)%00%(upstream:remotename)%00%(upstream:remoteref) refs/heads/main refs/remotes/main [2ms]
2024-05-23 14:54:09.500 [info] > git status -z -uall [12ms]
2024-05-23 14:54:14.530 [info] > git config --get commit.template [1ms]
2024-05-23 14:54:14.537 [info] > git for-each-ref --format=%(refname)%00%(upstream:short)%00%(objectname)%00%(upstream:track)%00%(upstream:remotename)%00%(upstream:remoteref) refs/heads/main refs/remotes/main [1ms]
2024-05-23 14:54:14.557 [info] > git status -z -uall [15ms]
2024-05-23 14:54:20.450 [info] > git config --get commit.template [2ms]
2024-05-23 14:54:20.462 [info] > git for-each-ref --format=%(refname)%00%(upstream:short)%00%(objectname)%00%(upstream:track)%00%(upstream:remotename)%00%(upstream:remoteref) refs/heads/main refs/remotes/main [2ms]
2024-05-23 14:54:20.489 [info] > git status -z -uall [18ms]
2024-05-23 14:54:47.475 [info] > git config --get commit.template [2ms]
2024-05-23 14:54:47.482 [info] > git for-each-ref --format=%(refname)%00%(upstream:short)%00%(objectname)%00%(upstream:track)%00%(upstream:remotename)%00%(upstream:remoteref) refs/heads/main refs/remotes/main [1ms]
2024-05-23 14:54:47.506 [info] > git status -z -uall [17ms]
2024-05-23 14:54:52.552 [info] > git config --get commit.template [7ms]
2024-05-23 14:54:52.553 [info] > git for-each-ref --format=%(refname)%00%(upstream:short)%00%(objectname)%00%(upstream:track)%00%(upstream:remotename)%00%(upstream:remoteref) refs/heads/main refs/remotes/main [2ms]
2024-05-23 14:54:52.569 [info] > git status -z -uall [12ms]
2024-05-23 14:54:57.604 [info] > git config --get commit.template [4ms]
2024-05-23 14:54:57.604 [info] > git for-each-ref --format=%(refname)%00%(upstream:short)%00%(objectname)%00%(upstream:track)%00%(upstream:remotename)%00%(upstream:remoteref) refs/heads/main refs/remotes/main [1ms]
2024-05-23 14:54:57.626 [info] > git status -z -uall [16ms]
2024-05-23 14:55:04.657 [info] > git config --get commit.template [8ms]
2024-05-23 14:55:04.657 [info] > git for-each-ref --format=%(refname)%00%(upstream:short)%00%(objectname)%00%(upstream:track)%00%(upstream:remotename)%00%(upstream:remoteref) refs/heads/main refs/remotes/main [1ms]
2024-05-23 14:55:04.685 [info] > git status -z -uall [23ms]
2024-05-23 14:55:06.194 [info] > git add -A -- . [1510ms]
2024-05-23 14:55:06.219 [info] > git -c user.useConfigOnly=true commit --quiet [20ms]
2024-05-23 14:55:06.220 [info] Author identity unknown

*** Please tell me who you are.

Run

  git config --global user.email "you@example.com"
  git config --global user.name "Your Name"

to set your account's default identity.
Omit --global to set the identity only in this repository.

fatal: no email was given and auto-detection is disabled
2024-05-23 14:55:06.224 [info] > git config --get-all user.name [1ms]
2024-05-23 14:55:06.232 [info] > git config --get commit.template [1ms]
2024-05-23 14:55:06.238 [info] > git for-each-ref --format=%(refname)%00%(upstream:short)%00%(objectname)%00%(upstream:track)%00%(upstream:remotename)%00%(upstream:remoteref) refs/heads/main refs/remotes/main [1ms]
2024-05-23 14:55:06.258 [info] > git status -z -uall [15ms]
2024-05-23 14:55:21.494 [info] > git config --get commit.template [7ms]
2024-05-23 14:55:21.494 [info] > git for-each-ref --format=%(refname)%00%(upstream:short)%00%(objectname)%00%(upstream:track)%00%(upstream:remotename)%00%(upstream:remoteref) refs/heads/main refs/remotes/main [1ms]
2024-05-23 14:55:21.515 [info] > git status -z -uall [15ms]
2024-05-23 14:55:26.558 [info] > git config --get commit.template [1ms]
2024-05-23 14:55:26.564 [info] > git for-each-ref --format=%(refname)%00%(upstream:short)%00%(objectname)%00%(upstream:track)%00%(upstream:remotename)%00%(upstream:remoteref) refs/heads/main refs/remotes/main [1ms]
2024-05-23 14:55:26.584 [info] > git status -z -uall [14ms]
2024-05-23 14:55:31.628 [info] > git config --get commit.template [6ms]
2024-05-23 14:55:31.628 [info] > git for-each-ref --format=%(refname)%00%(upstream:short)%00%(objectname)%00%(upstream:track)%00%(upstream:remotename)%00%(upstream:remoteref) refs/heads/main refs/remotes/main [1ms]
2024-05-23 14:55:31.645 [info] > git status -z -uall [13ms]
2024-05-23 14:56:15.811 [info] > git config --get commit.template [1ms]
2024-05-23 14:56:15.819 [info] > git for-each-ref --format=%(refname)%00%(upstream:short)%00%(objectname)%00%(upstream:track)%00%(upstream:remotename)%00%(upstream:remoteref) refs/heads/main refs/remotes/main [2ms]
2024-05-23 14:56:15.850 [info] > git status -z -uall [22ms]
2024-05-23 14:56:20.897 [info] > git config --get commit.template [1ms]
2024-05-23 14:56:20.903 [info] > git for-each-ref --format=%(refname)%00%(upstream:short)%00%(objectname)%00%(upstream:track)%00%(upstream:remotename)%00%(upstream:remoteref) refs/heads/main refs/remotes/main [1ms]
2024-05-23 14:56:20.921 [info] > git status -z -uall [13ms]
2024-05-23 14:56:25.964 [info] > git config --get commit.template [6ms]
2024-05-23 14:56:25.965 [info] > git for-each-ref --format=%(refname)%00%(upstream:short)%00%(objectname)%00%(upstream:track)%00%(upstream:remotename)%00%(upstream:remoteref) refs/heads/main refs/remotes/main [2ms]
2024-05-23 14:56:25.983 [info] > git status -z -uall [13ms]
2024-05-23 14:56:53.172 [info] > git config --get commit.template [1ms]
2024-05-23 14:56:53.177 [info] > git for-each-ref --format=%(refname)%00%(upstream:short)%00%(objectname)%00%(upstream:track)%00%(upstream:remotename)%00%(upstream:remoteref) refs/heads/main refs/remotes/main [1ms]
2024-05-23 14:56:53.197 [info] > git status -z -uall [16ms]
2024-05-23 14:56:58.236 [info] > git config --get commit.template [1ms]
2024-05-23 14:56:58.241 [info] > git for-each-ref --format=%(refname)%00%(upstream:short)%00%(objectname)%00%(upstream:track)%00%(upstream:remotename)%00%(upstream:remoteref) refs/heads/main refs/remotes/main [1ms]
2024-05-23 14:56:58.269 [info] > git status -z -uall [21ms]
2024-05-23 14:57:03.323 [info] > git config --get commit.template [1ms]
2024-05-23 14:57:03.331 [info] > git for-each-ref --format=%(refname)%00%(upstream:short)%00%(objectname)%00%(upstream:track)%00%(upstream:remotename)%00%(upstream:remoteref) refs/heads/main refs/remotes/main [1ms]
2024-05-23 14:57:03.352 [info] > git status -z -uall [14ms]
2024-05-23 14:57:08.380 [info] > git config --get commit.template [1ms]
2024-05-23 14:57:08.387 [info] > git for-each-ref --format=%(refname)%00%(upstream:short)%00%(objectname)%00%(upstream:track)%00%(upstream:remotename)%00%(upstream:remoteref) refs/heads/main refs/remotes/main [1ms]
2024-05-23 14:57:08.409 [info] > git status -z -uall [16ms]
2024-05-23 14:57:13.458 [info] > git config --get commit.template [6ms]
2024-05-23 14:57:13.459 [info] > git for-each-ref --format=%(refname)%00%(upstream:short)%00%(objectname)%00%(upstream:track)%00%(upstream:remotename)%00%(upstream:remoteref) refs/heads/main refs/remotes/main [1ms]
2024-05-23 14:57:13.478 [info] > git status -z -uall [14ms]
2024-05-23 14:57:18.512 [info] > git config --get commit.template [1ms]
2024-05-23 14:57:18.518 [info] > git for-each-ref --format=%(refname)%00%(upstream:short)%00%(objectname)%00%(upstream:track)%00%(upstream:remotename)%00%(upstream:remoteref) refs/heads/main refs/remotes/main [1ms]
2024-05-23 14:57:18.535 [info] > git status -z -uall [13ms]
2024-05-23 14:57:23.566 [info] > git config --get commit.template [0ms]
2024-05-23 14:57:23.572 [info] > git for-each-ref --format=%(refname)%00%(upstream:short)%00%(objectname)%00%(upstream:track)%00%(upstream:remotename)%00%(upstream:remoteref) refs/heads/main refs/remotes/main [1ms]
2024-05-23 14:57:23.592 [info] > git status -z -uall [15ms]
2024-05-23 14:57:28.635 [info] > git config --get commit.template [6ms]
2024-05-23 14:57:28.635 [info] > git for-each-ref --format=%(refname)%00%(upstream:short)%00%(objectname)%00%(upstream:track)%00%(upstream:remotename)%00%(upstream:remoteref) refs/heads/main refs/remotes/main [1ms]
2024-05-23 14:57:28.652 [info] > git status -z -uall [12ms]
2024-05-23 14:57:33.690 [info] > git config --get commit.template [8ms]
2024-05-23 14:57:33.691 [info] > git for-each-ref --format=%(refname)%00%(upstream:short)%00%(objectname)%00%(upstream:track)%00%(upstream:remotename)%00%(upstream:remoteref) refs/heads/main refs/remotes/main [1ms]
2024-05-23 14:57:33.708 [info] > git status -z -uall [13ms]
2024-05-23 14:57:38.737 [info] > git config --get commit.template [1ms]
2024-05-23 14:57:38.743 [info] > git for-each-ref --format=%(refname)%00%(upstream:short)%00%(objectname)%00%(upstream:track)%00%(upstream:remotename)%00%(upstream:remoteref) refs/heads/main refs/remotes/main [1ms]
2024-05-23 14:57:38.762 [info] > git status -z -uall [14ms]
2024-05-23 14:57:43.795 [info] > git config --get commit.template [0ms]
2024-05-23 14:57:43.802 [info] > git for-each-ref --format=%(refname)%00%(upstream:short)%00%(objectname)%00%(upstream:track)%00%(upstream:remotename)%00%(upstream:remoteref) refs/heads/main refs/remotes/main [1ms]
2024-05-23 14:57:43.820 [info] > git status -z -uall [13ms]
2024-05-23 14:58:10.424 [info] > git config --get commit.template [2ms]
2024-05-23 14:58:10.436 [info] > git for-each-ref --format=%(refname)%00%(upstream:short)%00%(objectname)%00%(upstream:track)%00%(upstream:remotename)%00%(upstream:remoteref) refs/heads/main refs/remotes/main [1ms]
2024-05-23 14:58:10.462 [info] > git status -z -uall [18ms]
2024-05-23 14:58:15.504 [info] > git config --get commit.template [3ms]
2024-05-23 14:58:15.509 [info] > git for-each-ref --format=%(refname)%00%(upstream:short)%00%(objectname)%00%(upstream:track)%00%(upstream:remotename)%00%(upstream:remoteref) refs/heads/main refs/remotes/main [0ms]
2024-05-23 14:58:15.528 [info] > git status -z -uall [14ms]
2024-05-23 14:58:20.574 [info] > git config --get commit.template [7ms]
2024-05-23 14:58:20.574 [info] > git for-each-ref --format=%(refname)%00%(upstream:short)%00%(objectname)%00%(upstream:track)%00%(upstream:remotename)%00%(upstream:remoteref) refs/heads/main refs/remotes/main [1ms]
2024-05-23 14:58:20.590 [info] > git status -z -uall [11ms]
2024-05-23 14:58:22.971 [info] > git for-each-ref --sort -committerdate --format %(refname) %(objectname) %(*objectname) [1ms]
2024-05-23 14:58:25.179 [info] > git checkout -q main [12ms]
2024-05-23 14:58:25.188 [info] > git config --get commit.template [4ms]
2024-05-23 14:58:25.189 [info] > git for-each-ref --format=%(refname)%00%(upstream:short)%00%(objectname)%00%(upstream:track)%00%(upstream:remotename)%00%(upstream:remoteref) refs/heads/main refs/remotes/main [1ms]
2024-05-23 14:58:25.206 [info] > git status -z -uall [13ms]
2024-05-23 14:58:25.621 [info] > git config --get commit.template [1ms]
2024-05-23 14:58:25.628 [info] > git for-each-ref --format=%(refname)%00%(upstream:short)%00%(objectname)%00%(upstream:track)%00%(upstream:remotename)%00%(upstream:remoteref) refs/heads/main refs/remotes/main [1ms]
2024-05-23 14:58:25.648 [info] > git status -z -uall [14ms]
2024-05-23 14:58:35.126 [info] > git config --get commit.template [1ms]
2024-05-23 14:58:35.134 [info] > git for-each-ref --format=%(refname)%00%(upstream:short)%00%(objectname)%00%(upstream:track)%00%(upstream:remotename)%00%(upstream:remoteref) refs/heads/main refs/remotes/main [1ms]
2024-05-23 14:58:35.157 [info] > git status -z -uall [15ms]
2024-05-23 14:58:47.301 [info] > git config --get commit.template [12ms]
2024-05-23 14:58:47.301 [info] > git for-each-ref --format=%(refname)%00%(upstream:short)%00%(objectname)%00%(upstream:track)%00%(upstream:remotename)%00%(upstream:remoteref) refs/heads/main refs/remotes/main [1ms]
2024-05-23 14:58:47.326 [info] > git status -z -uall [17ms]
2024-05-23 14:58:52.372 [info] > git config --get commit.template [7ms]
2024-05-23 14:58:52.372 [info] > git for-each-ref --format=%(refname)%00%(upstream:short)%00%(objectname)%00%(upstream:track)%00%(upstream:remotename)%00%(upstream:remoteref) refs/heads/main refs/remotes/main [1ms]
2024-05-23 14:58:52.389 [info] > git status -z -uall [13ms]
2024-05-23 14:58:57.419 [info] > git config --get commit.template [1ms]
2024-05-23 14:58:57.426 [info] > git for-each-ref --format=%(refname)%00%(upstream:short)%00%(objectname)%00%(upstream:track)%00%(upstream:remotename)%00%(upstream:remoteref) refs/heads/main refs/remotes/main [1ms]
2024-05-23 14:58:57.444 [info] > git status -z -uall [14ms]
2024-05-23 14:59:02.481 [info] > git config --get commit.template [1ms]
2024-05-23 14:59:02.489 [info] > git for-each-ref --format=%(refname)%00%(upstream:short)%00%(objectname)%00%(upstream:track)%00%(upstream:remotename)%00%(upstream:remoteref) refs/heads/main refs/remotes/main [1ms]
2024-05-23 14:59:02.506 [info] > git status -z -uall [12ms]
2024-05-23 14:59:07.539 [info] > git config --get commit.template [5ms]
2024-05-23 14:59:07.540 [info] > git for-each-ref --format=%(refname)%00%(upstream:short)%00%(objectname)%00%(upstream:track)%00%(upstream:remotename)%00%(upstream:remoteref) refs/heads/main refs/remotes/main [1ms]
2024-05-23 14:59:07.556 [info] > git status -z -uall [12ms]
2024-05-23 14:59:12.682 [info] > git config --get commit.template [1ms]
2024-05-23 14:59:12.693 [info] > git for-each-ref --format=%(refname)%00%(upstream:short)%00%(objectname)%00%(upstream:track)%00%(upstream:remotename)%00%(upstream:remoteref) refs/heads/main refs/remotes/main [1ms]
2024-05-23 14:59:12.719 [info] > git status -z -uall [17ms]
2024-05-23 14:59:23.533 [info] > git config --get commit.template [10ms]
2024-05-23 14:59:23.534 [info] > git for-each-ref --format=%(refname)%00%(upstream:short)%00%(objectname)%00%(upstream:track)%00%(upstream:remotename)%00%(upstream:remoteref) refs/heads/main refs/remotes/main [2ms]
2024-05-23 14:59:23.561 [info] > git status -z -uall [20ms]
2024-05-23 14:59:28.602 [info] > git config --get commit.template [0ms]
2024-05-23 14:59:28.608 [info] > git for-each-ref --format=%(refname)%00%(upstream:short)%00%(objectname)%00%(upstream:track)%00%(upstream:remotename)%00%(upstream:remoteref) refs/heads/main refs/remotes/main [1ms]
2024-05-23 14:59:28.625 [info] > git status -z -uall [12ms]
2024-05-23 14:59:33.660 [info] > git config --get commit.template [5ms]
2024-05-23 14:59:33.660 [info] > git for-each-ref --format=%(refname)%00%(upstream:short)%00%(objectname)%00%(upstream:track)%00%(upstream:remotename)%00%(upstream:remoteref) refs/heads/main refs/remotes/main [1ms]
2024-05-23 14:59:33.678 [info] > git status -z -uall [13ms]
2024-05-23 14:59:38.714 [info] > git config --get commit.template [6ms]
2024-05-23 14:59:38.714 [info] > git for-each-ref --format=%(refname)%00%(upstream:short)%00%(objectname)%00%(upstream:track)%00%(upstream:remotename)%00%(upstream:remoteref) refs/heads/main refs/remotes/main [1ms]
2024-05-23 14:59:38.735 [info] > git status -z -uall [14ms]
2024-05-23 14:59:43.771 [info] > git config --get commit.template [1ms]
2024-05-23 14:59:43.776 [info] > git for-each-ref --format=%(refname)%00%(upstream:short)%00%(objectname)%00%(upstream:track)%00%(upstream:remotename)%00%(upstream:remoteref) refs/heads/main refs/remotes/main [1ms]
2024-05-23 14:59:43.795 [info] > git status -z -uall [12ms]
2024-05-23 14:59:49.192 [info] > git show --textconv :.git/COMMIT_EDITMSG [6ms]
2024-05-23 14:59:49.193 [info] > git ls-files --stage -- /home/tenda/.git/COMMIT_EDITMSG [2ms]
2024-05-23 14:59:49.519 [info] > git check-ignore -v -z --stdin [1ms]
2024-05-23 14:59:49.980 [info] > git ls-files --stage -- /home/tenda/.git/COMMIT_EDITMSG [2ms]
2024-05-23 14:59:49.990 [info] > git show --textconv :.git/COMMIT_EDITMSG [1ms]
2024-05-23 15:00:23.826 [info] > git -c user.useConfigOnly=true commit --quiet [35211ms]
2024-05-23 15:00:23.826 [info] Aborting commit due to empty commit message.
2024-05-23 15:00:23.837 [info] > git config --get commit.template [6ms]
2024-05-23 15:00:23.838 [info] > git for-each-ref --format=%(refname)%00%(upstream:short)%00%(objectname)%00%(upstream:track)%00%(upstream:remotename)%00%(upstream:remoteref) refs/heads/main refs/remotes/main [1ms]
2024-05-23 15:00:23.859 [info] > git status -z -uall [17ms]
2024-05-23 15:00:23.898 [info] > git config --get commit.template [2ms]
2024-05-23 15:00:23.904 [info] > git for-each-ref --format=%(refname)%00%(upstream:short)%00%(objectname)%00%(upstream:track)%00%(upstream:remotename)%00%(upstream:remoteref) refs/heads/main refs/remotes/main [1ms]
2024-05-23 15:00:23.923 [info] > git status -z -uall [13ms]
2024-05-23 15:00:28.956 [info] > git config --get commit.template [1ms]
2024-05-23 15:00:28.962 [info] > git for-each-ref --format=%(refname)%00%(upstream:short)%00%(objectname)%00%(upstream:track)%00%(upstream:remotename)%00%(upstream:remoteref) refs/heads/main refs/remotes/main [1ms]
2024-05-23 15:00:28.981 [info] > git status -z -uall [13ms]
2024-05-23 15:00:30.100 [info] > git push origin main:main [687ms]
2024-05-23 15:00:30.100 [info] Everything up-to-date
2024-05-23 15:00:30.110 [info] > git config --get commit.template [4ms]
2024-05-23 15:00:30.110 [info] > git for-each-ref --format=%(refname)%00%(upstream:short)%00%(objectname)%00%(upstream:track)%00%(upstream:remotename)%00%(upstream:remoteref) refs/heads/main refs/remotes/main [1ms]
2024-05-23 15:00:30.129 [info] > git status -z -uall [12ms]
2024-05-23 15:00:34.017 [info] > git config --get commit.template [1ms]
2024-05-23 15:00:34.023 [info] > git for-each-ref --format=%(refname)%00%(upstream:short)%00%(objectname)%00%(upstream:track)%00%(upstream:remotename)%00%(upstream:remoteref) refs/heads/main refs/remotes/main [1ms]
2024-05-23 15:00:34.041 [info] > git status -z -uall [14ms]
2024-05-23 15:00:48.621 [info] > git config --get commit.template [1ms]
2024-05-23 15:00:48.629 [info] > git for-each-ref --format=%(refname)%00%(upstream:short)%00%(objectname)%00%(upstream:track)%00%(upstream:remotename)%00%(upstream:remoteref) refs/heads/main refs/remotes/main [1ms]
2024-05-23 15:00:48.648 [info] > git status -z -uall [13ms]
2024-05-23 15:00:54.135 [info] > git push origin main:main [667ms]
2024-05-23 15:00:54.135 [info] Everything up-to-date
2024-05-23 15:00:54.146 [info] > git config --get commit.template [1ms]
2024-05-23 15:00:54.156 [info] > git for-each-ref --format=%(refname)%00%(upstream:short)%00%(objectname)%00%(upstream:track)%00%(upstream:remotename)%00%(upstream:remoteref) refs/heads/main refs/remotes/main [1ms]
2024-05-23 15:00:54.181 [info] > git status -z -uall [18ms]
2024-05-23 15:00:54.230 [info] > git config --get commit.template [7ms]
2024-05-23 15:00:54.231 [info] > git for-each-ref --format=%(refname)%00%(upstream:short)%00%(objectname)%00%(upstream:track)%00%(upstream:remotename)%00%(upstream:remoteref) refs/heads/main refs/remotes/main [1ms]
2024-05-23 15:00:54.254 [info] > git status -z -uall [16ms]
2024-05-23 15:01:16.157 [info] > git config --get commit.template [1ms]
2024-05-23 15:01:16.162 [info] > git for-each-ref --format=%(refname)%00%(upstream:short)%00%(objectname)%00%(upstream:track)%00%(upstream:remotename)%00%(upstream:remoteref) refs/heads/main refs/remotes/main [1ms]
2024-05-23 15:01:16.180 [info] > git status -z -uall [13ms]
2024-05-23 15:01:16.496 [info] > git log --oneline --cherry main...main@{upstream} -- [1ms]
2024-05-23 15:01:17.114 [info] > git pull --tags origin main [612ms]
2024-05-23 15:01:17.114 [info] From https://github.com/yu-sakukami/mainrepo
 * branch            main       -> FETCH_HEAD
2024-05-23 15:01:17.123 [info] > git config --get commit.template [4ms]
2024-05-23 15:01:17.123 [info] > git for-each-ref --format=%(refname)%00%(upstream:short)%00%(objectname)%00%(upstream:track)%00%(upstream:remotename)%00%(upstream:remoteref) refs/heads/main refs/remotes/main [0ms]
2024-05-23 15:01:17.139 [info] > git status -z -uall [11ms]
2024-05-23 15:01:19.158 [info] > git for-each-ref --sort -committerdate --format %(refname) %(objectname) %(*objectname) [1ms]
2024-05-23 15:01:21.221 [info] > git config --get commit.template [5ms]
2024-05-23 15:01:21.221 [info] > git for-each-ref --format=%(refname)%00%(upstream:short)%00%(objectname)%00%(upstream:track)%00%(upstream:remotename)%00%(upstream:remoteref) refs/heads/main refs/remotes/main [1ms]
2024-05-23 15:01:21.239 [info] > git status -z -uall [14ms]
2024-05-23 15:01:26.277 [info] > git config --get commit.template [7ms]
2024-05-23 15:01:26.277 [info] > git for-each-ref --format=%(refname)%00%(upstream:short)%00%(objectname)%00%(upstream:track)%00%(upstream:remotename)%00%(upstream:remoteref) refs/heads/main refs/remotes/main [1ms]
2024-05-23 15:01:26.297 [info] > git status -z -uall [14ms]
2024-05-23 15:01:31.340 [info] > git config --get commit.template [9ms]
2024-05-23 15:01:31.340 [info] > git for-each-ref --format=%(refname)%00%(upstream:short)%00%(objectname)%00%(upstream:track)%00%(upstream:remotename)%00%(upstream:remoteref) refs/heads/main refs/remotes/main [1ms]
2024-05-23 15:01:31.358 [info] > git status -z -uall [12ms]
2024-05-23 15:01:38.713 [info] > git config --get commit.template [2ms]
2024-05-23 15:01:38.722 [info] > git for-each-ref --format=%(refname)%00%(upstream:short)%00%(objectname)%00%(upstream:track)%00%(upstream:remotename)%00%(upstream:remoteref) refs/heads/main refs/remotes/main [2ms]
2024-05-23 15:01:38.757 [info] > git status -z -uall [23ms]
2024-05-23 15:01:39.073 [info] > git for-each-ref --sort -committerdate --format %(refname) %(objectname) %(*objectname) [0ms]
2024-05-23 15:01:40.992 [info] > git checkout -q main [11ms]
2024-05-23 15:01:41.007 [info] > git config --get commit.template [6ms]
2024-05-23 15:01:41.007 [info] > git for-each-ref --format=%(refname)%00%(upstream:short)%00%(objectname)%00%(upstream:track)%00%(upstream:remotename)%00%(upstream:remoteref) refs/heads/main refs/remotes/main [1ms]
2024-05-23 15:01:41.033 [info] > git status -z -uall [17ms]
2024-05-23 15:01:43.810 [info] > git config --get commit.template [8ms]
2024-05-23 15:01:43.810 [info] > git for-each-ref --format=%(refname)%00%(upstream:short)%00%(objectname)%00%(upstream:track)%00%(upstream:remotename)%00%(upstream:remoteref) refs/heads/main refs/remotes/main [1ms]
2024-05-23 15:01:43.830 [info] > git status -z -uall [13ms]
2024-05-23 15:01:44.504 [info] > git for-each-ref --sort -committerdate --format %(refname) %(objectname) %(*objectname) [0ms]
2024-05-23 15:01:46.016 [info] > git log --oneline --cherry main...main@{upstream} -- [1ms]
2024-05-23 15:01:46.638 [info] > git pull --tags origin main [612ms]
2024-05-23 15:01:46.638 [info] From https://github.com/yu-sakukami/mainrepo
 * branch            main       -> FETCH_HEAD
2024-05-23 15:01:46.654 [info] > git config --get commit.template [8ms]
2024-05-23 15:01:46.655 [info] > git for-each-ref --format=%(refname)%00%(upstream:short)%00%(objectname)%00%(upstream:track)%00%(upstream:remotename)%00%(upstream:remoteref) refs/heads/main refs/remotes/main [2ms]
2024-05-23 15:01:46.676 [info] > git status -z -uall [14ms]
2024-05-23 15:01:48.866 [info] > git config --get commit.template [7ms]
2024-05-23 15:01:48.867 [info] > git for-each-ref --format=%(refname)%00%(upstream:short)%00%(objectname)%00%(upstream:track)%00%(upstream:remotename)%00%(upstream:remoteref) refs/heads/main refs/remotes/main [1ms]
2024-05-23 15:01:48.893 [info] > git status -z -uall [19ms]
2024-05-23 15:01:51.433 [info] > git check-ignore -v -z --stdin [1ms]
2024-05-23 15:01:53.927 [info] > git config --get commit.template [1ms]
2024-05-23 15:01:53.936 [info] > git for-each-ref --format=%(refname)%00%(upstream:short)%00%(objectname)%00%(upstream:track)%00%(upstream:remotename)%00%(upstream:remoteref) refs/heads/main refs/remotes/main [1ms]
2024-05-23 15:01:53.959 [info] > git status -z -uall [14ms]
2024-05-23 15:01:58.990 [info] > git config --get commit.template [1ms]
2024-05-23 15:01:59.000 [info] > git for-each-ref --format=%(refname)%00%(upstream:short)%00%(objectname)%00%(upstream:track)%00%(upstream:remotename)%00%(upstream:remoteref) refs/heads/main refs/remotes/main [1ms]
2024-05-23 15:01:59.032 [info] > git status -z -uall [23ms]
2024-05-23 15:02:05.774 [info] > git config --get commit.template [17ms]
2024-05-23 15:02:05.780 [info] > git for-each-ref --format=%(refname)%00%(upstream:short)%00%(objectname)%00%(upstream:track)%00%(upstream:remotename)%00%(upstream:remoteref) refs/heads/main refs/remotes/main [7ms]
2024-05-23 15:02:05.831 [info] > git status -z -uall [33ms]
2024-05-23 15:02:08.366 [info] > git log --oneline --cherry main...main@{upstream} -- [1ms]
2024-05-23 15:02:08.994 [info] > git pull --tags origin main [619ms]
2024-05-23 15:02:08.994 [info] From https://github.com/yu-sakukami/mainrepo
 * branch            main       -> FETCH_HEAD
2024-05-23 15:02:09.003 [info] > git config --get commit.template [1ms]
2024-05-23 15:02:09.016 [info] > git for-each-ref --format=%(refname)%00%(upstream:short)%00%(objectname)%00%(upstream:track)%00%(upstream:remotename)%00%(upstream:remoteref) refs/heads/main refs/remotes/main [1ms]
2024-05-23 15:02:09.057 [info] > git status -z -uall [12ms]
2024-05-23 15:02:10.878 [info] > git config --get commit.template [5ms]
2024-05-23 15:02:10.889 [info] > git for-each-ref --format=%(refname)%00%(upstream:short)%00%(objectname)%00%(upstream:track)%00%(upstream:remotename)%00%(upstream:remoteref) refs/heads/main refs/remotes/main [1ms]
2024-05-23 15:02:10.913 [info] > git status -z -uall [15ms]
2024-05-23 15:02:15.943 [info] > git config --get commit.template [0ms]
2024-05-23 15:02:15.954 [info] > git for-each-ref --format=%(refname)%00%(upstream:short)%00%(objectname)%00%(upstream:track)%00%(upstream:remotename)%00%(upstream:remoteref) refs/heads/main refs/remotes/main [0ms]
2024-05-23 15:02:15.978 [info] > git status -z -uall [15ms]
2024-05-23 15:02:16.055 [info] > git log --oneline --cherry main...main@{upstream} -- [2ms]
2024-05-23 15:02:16.612 [info] > git pull --tags origin main [544ms]
2024-05-23 15:02:16.612 [info] From https://github.com/yu-sakukami/mainrepo
 * branch            main       -> FETCH_HEAD
2024-05-23 15:02:16.637 [info] > git config --get commit.template [12ms]
2024-05-23 15:02:16.637 [info] > git for-each-ref --format=%(refname)%00%(upstream:short)%00%(objectname)%00%(upstream:track)%00%(upstream:remotename)%00%(upstream:remoteref) refs/heads/main refs/remotes/main [1ms]
2024-05-23 15:02:16.666 [info] > git status -z -uall [17ms]
2024-05-23 15:02:21.025 [info] > git config --get commit.template [12ms]
2024-05-23 15:02:21.025 [info] > git for-each-ref --format=%(refname)%00%(upstream:short)%00%(objectname)%00%(upstream:track)%00%(upstream:remotename)%00%(upstream:remoteref) refs/heads/main refs/remotes/main [1ms]
2024-05-23 15:02:21.048 [info] > git status -z -uall [14ms]
2024-05-23 15:02:26.094 [info] > git config --get commit.template [9ms]
2024-05-23 15:02:26.095 [info] > git for-each-ref --format=%(refname)%00%(upstream:short)%00%(objectname)%00%(upstream:track)%00%(upstream:remotename)%00%(upstream:remoteref) refs/heads/main refs/remotes/main [0ms]
2024-05-23 15:02:26.123 [info] > git status -z -uall [16ms]
2024-05-23 15:02:31.163 [info] > git config --get commit.template [8ms]
2024-05-23 15:02:31.164 [info] > git for-each-ref --format=%(refname)%00%(upstream:short)%00%(objectname)%00%(upstream:track)%00%(upstream:remotename)%00%(upstream:remoteref) refs/heads/main refs/remotes/main [2ms]
2024-05-23 15:02:31.186 [info] > git status -z -uall [14ms]
2024-05-23 15:02:36.229 [info] > git config --get commit.template [6ms]
2024-05-23 15:02:36.230 [info] > git for-each-ref --format=%(refname)%00%(upstream:short)%00%(objectname)%00%(upstream:track)%00%(upstream:remotename)%00%(upstream:remoteref) refs/heads/main refs/remotes/main [2ms]
2024-05-23 15:02:36.249 [info] > git status -z -uall [14ms]
2024-05-23 15:02:41.286 [info] > git config --get commit.template [2ms]
2024-05-23 15:02:41.293 [info] > git for-each-ref --format=%(refname)%00%(upstream:short)%00%(objectname)%00%(upstream:track)%00%(upstream:remotename)%00%(upstream:remoteref) refs/heads/main refs/remotes/main [2ms]
2024-05-23 15:02:41.312 [info] > git status -z -uall [12ms]
2024-05-23 15:02:46.344 [info] > git config --get commit.template [1ms]
2024-05-23 15:02:46.350 [info] > git for-each-ref --format=%(refname)%00%(upstream:short)%00%(objectname)%00%(upstream:track)%00%(upstream:remotename)%00%(upstream:remoteref) refs/heads/main refs/remotes/main [1ms]
2024-05-23 15:02:46.371 [info] > git status -z -uall [15ms]
2024-05-23 15:03:36.547 [info] > git config --get commit.template [1ms]
2024-05-23 15:03:36.552 [info] > git for-each-ref --format=%(refname)%00%(upstream:short)%00%(objectname)%00%(upstream:track)%00%(upstream:remotename)%00%(upstream:remoteref) refs/heads/main refs/remotes/main [1ms]
2024-05-23 15:03:36.578 [info] > git status -z -uall [17ms]
2024-05-23 15:03:41.619 [info] > git config --get commit.template [0ms]
2024-05-23 15:03:41.626 [info] > git for-each-ref --format=%(refname)%00%(upstream:short)%00%(objectname)%00%(upstream:track)%00%(upstream:remotename)%00%(upstream:remoteref) refs/heads/main refs/remotes/main [1ms]
2024-05-23 15:03:41.646 [info] > git status -z -uall [14ms]
2024-05-23 15:03:46.682 [info] > git config --get commit.template [6ms]
2024-05-23 15:03:46.682 [info] > git for-each-ref --format=%(refname)%00%(upstream:short)%00%(objectname)%00%(upstream:track)%00%(upstream:remotename)%00%(upstream:remoteref) refs/heads/main refs/remotes/main [1ms]
2024-05-23 15:03:46.703 [info] > git status -z -uall [14ms]
2024-05-23 15:03:48.721 [info] > git fetch [420ms]
2024-05-23 15:03:48.730 [info] > git config --get commit.template [4ms]
2024-05-23 15:03:48.731 [info] > git for-each-ref --format=%(refname)%00%(upstream:short)%00%(objectname)%00%(upstream:track)%00%(upstream:remotename)%00%(upstream:remoteref) refs/heads/main refs/remotes/main [1ms]
2024-05-23 15:03:48.749 [info] > git status -z -uall [13ms]
2024-05-23 15:03:51.742 [info] > git config --get commit.template [6ms]
2024-05-23 15:03:51.742 [info] > git for-each-ref --format=%(refname)%00%(upstream:short)%00%(objectname)%00%(upstream:track)%00%(upstream:remotename)%00%(upstream:remoteref) refs/heads/main refs/remotes/main [1ms]
2024-05-23 15:03:51.759 [info] > git status -z -uall [12ms]
2024-05-23 15:03:56.794 [info] > git config --get commit.template [6ms]
2024-05-23 15:03:56.794 [info] > git for-each-ref --format=%(refname)%00%(upstream:short)%00%(objectname)%00%(upstream:track)%00%(upstream:remotename)%00%(upstream:remoteref) refs/heads/main refs/remotes/main [1ms]
2024-05-23 15:03:56.814 [info] > git status -z -uall [14ms]
2024-05-23 15:03:58.008 [info] > git branch [2ms]
2024-05-23 15:03:58.018 [info] > git reset -q HEAD -- . [4ms]
2024-05-23 15:03:58.042 [info] > git config --get commit.template [3ms]
2024-05-23 15:03:58.042 [info] > git for-each-ref --format=%(refname)%00%(upstream:short)%00%(objectname)%00%(upstream:track)%00%(upstream:remotename)%00%(upstream:remoteref) refs/heads/main refs/remotes/main [1ms]
2024-05-23 15:03:58.059 [info] > git status -z -uall [12ms]
2024-05-23 15:03:59.162 [info] > git check-ignore -v -z --stdin [0ms]
2024-05-23 15:04:01.852 [info] > git config --get commit.template [6ms]
2024-05-23 15:04:01.853 [info] > git for-each-ref --format=%(refname)%00%(upstream:short)%00%(objectname)%00%(upstream:track)%00%(upstream:remotename)%00%(upstream:remoteref) refs/heads/main refs/remotes/main [1ms]
2024-05-23 15:04:01.870 [info] > git status -z -uall [14ms]
2024-05-23 15:04:04.088 [info] > git config --get commit.template [0ms]
2024-05-23 15:04:04.092 [info] > git for-each-ref --format=%(refname)%00%(upstream:short)%00%(objectname)%00%(upstream:track)%00%(upstream:remotename)%00%(upstream:remoteref) refs/heads/main refs/remotes/main [1ms]
2024-05-23 15:04:04.113 [info] > git status -z -uall [15ms]
2024-05-23 15:04:04.142 [info] > git merge-base refs/heads/main refs/remotes/origin/main [1ms]
2024-05-23 15:04:04.157 [info] > git merge-base refs/heads/main refs/remotes/origin/main [3ms]
2024-05-23 15:04:04.166 [info] > git rev-list --count --left-right refs/heads/main...refs/remotes/origin/main [17ms]
2024-05-23 15:04:04.171 [info] > git rev-list --count --left-right refs/heads/main...refs/remotes/origin/main [6ms]
2024-05-23 15:04:04.172 [info] > git diff --name-status -z --diff-filter=ADMR 4186b128de7d69b035e2fba89564101a6b49e7ce...refs/remotes/origin/main [1ms]
2024-05-23 15:04:09.288 [info] > git config --get commit.template [0ms]
2024-05-23 15:04:09.296 [info] > git for-each-ref --format=%(refname)%00%(upstream:short)%00%(objectname)%00%(upstream:track)%00%(upstream:remotename)%00%(upstream:remoteref) refs/heads/main refs/remotes/main [1ms]
2024-05-23 15:04:09.314 [info] > git status -z -uall [13ms]
2024-05-23 15:04:15.290 [info] > git config --get commit.template [1ms]
2024-05-23 15:04:15.297 [info] > git for-each-ref --format=%(refname)%00%(upstream:short)%00%(objectname)%00%(upstream:track)%00%(upstream:remotename)%00%(upstream:remoteref) refs/heads/main refs/remotes/main [2ms]
2024-05-23 15:04:15.318 [info] > git status -z -uall [15ms]
2024-05-23 15:13:24.307 [info] > git config --get commit.template [2ms]
2024-05-23 15:13:24.324 [info] > git for-each-ref --format=%(refname)%00%(upstream:short)%00%(objectname)%00%(upstream:track)%00%(upstream:remotename)%00%(upstream:remoteref) refs/heads/main refs/remotes/main [2ms]
2024-05-23 15:13:24.397 [info] > git status -z -uall [57ms]
2024-05-23 15:13:29.503 [info] > git config --get commit.template [6ms]
2024-05-23 15:13:29.503 [info] > git for-each-ref --format=%(refname)%00%(upstream:short)%00%(objectname)%00%(upstream:track)%00%(upstream:remotename)%00%(upstream:remoteref) refs/heads/main refs/remotes/main [1ms]
2024-05-23 15:13:29.522 [info] > git status -z -uall [13ms]
2024-05-23 15:13:34.559 [info] > git config --get commit.template [6ms]
2024-05-23 15:13:34.560 [info] > git for-each-ref --format=%(refname)%00%(upstream:short)%00%(objectname)%00%(upstream:track)%00%(upstream:remotename)%00%(upstream:remoteref) refs/heads/main refs/remotes/main [1ms]
2024-05-23 15:13:34.584 [info] > git status -z -uall [16ms]
2024-05-23 15:13:39.621 [info] > git config --get commit.template [7ms]
2024-05-23 15:13:39.622 [info] > git for-each-ref --format=%(refname)%00%(upstream:short)%00%(objectname)%00%(upstream:track)%00%(upstream:remotename)%00%(upstream:remoteref) refs/heads/main refs/remotes/main [2ms]
2024-05-23 15:13:39.643 [info] > git status -z -uall [14ms]
2024-05-23 15:13:44.687 [info] > git config --get commit.template [6ms]
2024-05-23 15:13:44.687 [info] > git for-each-ref --format=%(refname)%00%(upstream:short)%00%(objectname)%00%(upstream:track)%00%(upstream:remotename)%00%(upstream:remoteref) refs/heads/main refs/remotes/main [1ms]
2024-05-23 15:13:44.704 [info] > git status -z -uall [12ms]
2024-05-23 15:13:49.742 [info] > git config --get commit.template [7ms]
2024-05-23 15:13:49.742 [info] > git for-each-ref --format=%(refname)%00%(upstream:short)%00%(objectname)%00%(upstream:track)%00%(upstream:remotename)%00%(upstream:remoteref) refs/heads/main refs/remotes/main [1ms]
2024-05-23 15:13:49.767 [info] > git status -z -uall [18ms]
2024-05-23 15:13:54.810 [info] > git config --get commit.template [6ms]
2024-05-23 15:13:54.811 [info] > git for-each-ref --format=%(refname)%00%(upstream:short)%00%(objectname)%00%(upstream:track)%00%(upstream:remotename)%00%(upstream:remoteref) refs/heads/main refs/remotes/main [1ms]
2024-05-23 15:13:54.828 [info] > git status -z -uall [13ms]
2024-05-23 15:13:59.862 [info] > git config --get commit.template [5ms]
2024-05-23 15:13:59.863 [info] > git for-each-ref --format=%(refname)%00%(upstream:short)%00%(objectname)%00%(upstream:track)%00%(upstream:remotename)%00%(upstream:remoteref) refs/heads/main refs/remotes/main [1ms]
2024-05-23 15:13:59.881 [info] > git status -z -uall [13ms]
2024-05-23 15:14:04.914 [info] > git config --get commit.template [1ms]
2024-05-23 15:14:04.924 [info] > git for-each-ref --format=%(refname)%00%(upstream:short)%00%(objectname)%00%(upstream:track)%00%(upstream:remotename)%00%(upstream:remoteref) refs/heads/main refs/remotes/main [1ms]
2024-05-23 15:14:04.949 [info] > git status -z -uall [17ms]
2024-05-23 15:14:05.791 [info] > git check-ignore -v -z --stdin [1ms]
2024-05-23 15:14:09.988 [info] > git config --get commit.template [1ms]
2024-05-23 15:14:09.995 [info] > git for-each-ref --format=%(refname)%00%(upstream:short)%00%(objectname)%00%(upstream:track)%00%(upstream:remotename)%00%(upstream:remoteref) refs/heads/main refs/remotes/main [1ms]
2024-05-23 15:14:10.014 [info] > git status -z -uall [12ms]
2024-05-23 15:14:11.991 [info] > git for-each-ref --sort -committerdate --format %(refname) %(objectname) %(*objectname) [1ms]
2024-05-23 15:14:15.049 [info] > git config --get commit.template [6ms]
2024-05-23 15:14:15.050 [info] > git for-each-ref --format=%(refname)%00%(upstream:short)%00%(objectname)%00%(upstream:track)%00%(upstream:remotename)%00%(upstream:remoteref) refs/heads/main refs/remotes/main [2ms]
2024-05-23 15:14:15.071 [info] > git status -z -uall [15ms]
2024-05-23 15:14:20.105 [info] > git config --get commit.template [1ms]
2024-05-23 15:14:20.112 [info] > git for-each-ref --format=%(refname)%00%(upstream:short)%00%(objectname)%00%(upstream:track)%00%(upstream:remotename)%00%(upstream:remoteref) refs/heads/main refs/remotes/main [1ms]
2024-05-23 15:14:20.132 [info] > git status -z -uall [13ms]
2024-05-23 15:14:25.163 [info] > git config --get commit.template [1ms]
2024-05-23 15:14:25.169 [info] > git for-each-ref --format=%(refname)%00%(upstream:short)%00%(objectname)%00%(upstream:track)%00%(upstream:remotename)%00%(upstream:remoteref) refs/heads/main refs/remotes/main [1ms]
2024-05-23 15:14:25.188 [info] > git status -z -uall [12ms]
