2024-05-22 13:34:56.186 [info] ログ レベル: Info
2024-05-22 13:34:56.186 [info] Git の検証が検出されました: "git"
2024-05-22 13:34:56.186 [info] "git" から Git "2.34.1" を使用しています
2024-05-22 13:34:56.186 [info] > git rev-parse --show-toplevel [2ms]
2024-05-22 13:34:56.186 [info] fatal: not a git repository (or any of the parent directories): .git
2024-05-22 13:34:56.186 [info] > git rev-parse --show-toplevel [1ms]
2024-05-22 13:34:56.186 [info] fatal: not a git repository (or any of the parent directories): .git
2024-05-22 13:34:56.186 [info] > git rev-parse --show-toplevel [1ms]
2024-05-22 13:34:56.186 [info] fatal: not a git repository (or any of the parent directories): .git
2024-05-22 13:34:56.186 [info] > git rev-parse --show-toplevel [1ms]
2024-05-22 13:34:56.186 [info] fatal: not a git repository (or any of the parent directories): .git
2024-05-22 13:34:56.186 [info] > git rev-parse --show-toplevel [0ms]
2024-05-22 13:34:56.186 [info] fatal: not a git repository (or any of the parent directories): .git
2024-05-22 13:34:56.186 [info] > git rev-parse --show-toplevel [0ms]
2024-05-22 13:34:56.186 [info] fatal: not a git repository (or any of the parent directories): .git
2024-05-22 13:34:56.186 [info] > git rev-parse --show-toplevel [1ms]
2024-05-22 13:34:56.186 [info] fatal: not a git repository (or any of the parent directories): .git
2024-05-22 13:34:56.186 [info] > git rev-parse --show-toplevel [4ms]
2024-05-22 13:34:56.186 [info] fatal: not a git repository (or any of the parent directories): .git
2024-05-22 13:34:56.575 [info] > git rev-parse --show-toplevel [1ms]
2024-05-22 13:34:56.575 [info] fatal: not a git repository (or any of the parent directories): .git
2024-05-22 13:40:18.851 [info] > git rev-parse --show-toplevel [1ms]
2024-05-22 13:40:18.851 [info] fatal: not a git repository (or any of the parent directories): .git
2024-05-22 13:41:56.406 [info] > git rev-parse --show-toplevel [1ms]
2024-05-22 13:41:56.406 [info] fatal: not a git repository (or any of the parent directories): .git
2024-05-22 13:42:43.595 [info] > git rev-parse --show-toplevel [2ms]
2024-05-22 13:42:43.595 [info] fatal: not a git repository (or any of the parent directories): .git
2024-05-22 13:42:48.136 [info] > git rev-parse --show-toplevel [1ms]
2024-05-22 13:42:48.136 [info] fatal: not a git repository (or any of the parent directories): .git
2024-05-22 13:42:54.162 [info] > git rev-parse --show-toplevel [2ms]
2024-05-22 13:42:54.162 [info] fatal: not a git repository (or any of the parent directories): .git
2024-05-22 13:47:23.329 [info] > git rev-parse --show-toplevel [1ms]
2024-05-22 13:47:23.329 [info] fatal: not a git repository (or any of the parent directories): .git
2024-05-22 13:49:33.746 [info] > git rev-parse --show-toplevel [2ms]
2024-05-22 13:49:33.746 [info] fatal: not a git repository (or any of the parent directories): .git
2024-05-22 13:50:23.754 [info] > git rev-parse --show-toplevel [1ms]
2024-05-22 13:50:23.755 [info] fatal: not a git repository (or any of the parent directories): .git
2024-05-22 13:52:07.564 [info] > git rev-parse --show-toplevel [1ms]
2024-05-22 13:52:07.564 [info] fatal: not a git repository (or any of the parent directories): .git
2024-05-22 13:55:40.414 [info] > git rev-parse --show-toplevel [1ms]
2024-05-22 13:55:40.414 [info] fatal: not a git repository (or any of the parent directories): .git
2024-05-22 13:55:42.909 [info] > git rev-parse --show-toplevel [1ms]
2024-05-22 13:55:42.909 [info] fatal: not a git repository (or any of the parent directories): .git
