2024-05-23 15:26:52.052 [info] ログ レベル: Info
2024-05-23 15:26:52.052 [info] Git の検証が検出されました: "git"
2024-05-23 15:26:52.052 [info] "git" から Git "2.34.1" を使用しています
2024-05-23 15:26:52.052 [info] > git rev-parse --show-toplevel [4ms]
2024-05-23 15:26:52.052 [info] > git rev-parse --git-dir --git-common-dir [4ms]
2024-05-23 15:26:52.052 [info] Open repository: /home/tenda
2024-05-23 15:26:52.052 [info] > git rev-parse --show-toplevel [24ms]
2024-05-23 15:26:52.052 [info] > git config --get commit.template [32ms]
2024-05-23 15:26:52.065 [info] > git for-each-ref --format=%(refname)%00%(upstream:short)%00%(objectname)%00%(upstream:track)%00%(upstream:remotename)%00%(upstream:remoteref) refs/heads/main refs/remotes/main [2ms]
2024-05-23 15:26:52.066 [info] > git rev-parse --show-toplevel [8ms]
2024-05-23 15:26:52.078 [info] > git rev-parse --show-toplevel [1ms]
2024-05-23 15:26:52.097 [info] > git rev-parse --show-toplevel [11ms]
2024-05-23 15:26:52.104 [info] > git rev-parse --show-toplevel [1ms]
2024-05-23 15:26:52.113 [info] > git rev-parse --show-toplevel [1ms]
2024-05-23 15:26:52.119 [info] > git status -z -uall [24ms]
2024-05-23 15:26:52.119 [info] > git rev-parse --show-toplevel [2ms]
2024-05-23 15:26:52.145 [info] > git merge-base refs/heads/main refs/remotes/origin/main [18ms]
2024-05-23 15:26:52.152 [info] > git config --get commit.template [7ms]
2024-05-23 15:26:52.152 [info] > git rev-parse --show-toplevel [13ms]
2024-05-23 15:26:52.153 [info] > git rev-list --count --left-right refs/heads/main...refs/remotes/origin/main [3ms]
2024-05-23 15:26:52.187 [info] > git for-each-ref --format=%(refname)%00%(upstream:short)%00%(objectname)%00%(upstream:track)%00%(upstream:remotename)%00%(upstream:remoteref) refs/heads/main refs/remotes/main [13ms]
2024-05-23 15:26:52.187 [info] > git rev-parse --show-toplevel [20ms]
2024-05-23 15:26:52.191 [info] > git diff --name-status -z --diff-filter=ADMR 6948f6c6287fcf4df28907c0eb669e7c25fb666d...refs/remotes/origin/main [31ms]
2024-05-23 15:26:52.215 [info] > git status -z -uall [14ms]
2024-05-23 15:26:52.424 [info] > git merge-base refs/heads/main refs/remotes/origin/main [106ms]
2024-05-23 15:26:52.432 [info] > git ls-files --stage -- /home/tenda/.vscode-server/data/logs/20240523T151555/exthost2/vscode.git/Git.log [12ms]
2024-05-23 15:26:52.438 [info] > git show --textconv :.vscode-server/data/logs/20240523T151555/exthost2/vscode.git/Git.log [25ms]
2024-05-23 15:26:52.438 [info] > git rev-list --count --left-right refs/heads/main...refs/remotes/origin/main [7ms]
2024-05-23 15:26:52.441 [info] > git cat-file -s a56bccd06fa10fa8c0c4b8219a83f487988bc5d1 [4ms]
2024-05-23 15:26:53.045 [info] > git check-ignore -v -z --stdin [2ms]
2024-05-23 15:26:55.233 [info] > git config --get commit.template [1ms]
2024-05-23 15:26:55.239 [info] > git for-each-ref --format=%(refname)%00%(upstream:short)%00%(objectname)%00%(upstream:track)%00%(upstream:remotename)%00%(upstream:remoteref) refs/heads/main refs/remotes/main [1ms]
2024-05-23 15:26:55.258 [info] > git status -z -uall [13ms]
